<?xml version="1.0" encoding="UTF-8"?>
<!-- Generated by org.testng.reporters.JUnitXMLReporter -->
<testsuite hostname="systems-HP-246-Notebook-PC" name="Test" tests="12" failures="4" timestamp="8 Aug 2016 19:33:37 GMT" time="85.747" errors="0">
  <testcase name="checkTC001" time="0.023" classname="testcases.TC001"/>
  <testcase name="checkTC002_01" time="2.167" classname="testcases.TC002_01"/>
  <testcase name="checkTC002_02" time="1.261" classname="testcases.TC002_02"/>
  <testcase name="checkTC003_01" time="1.289" classname="testcases.TC003_01"/>
  <testcase name="checkTC003_02" time="1.254" classname="testcases.TC003_02"/>
  <testcase name="checkTC004" time="0.829" classname="testcases.TC004"/>
  <testcase name="checkTC005" time="0.276" classname="testcases.TC005">
    <failure type="java.lang.RuntimeException" message="FAILED">
      <![CDATA[java.lang.RuntimeException: FAILED
	at utils.Reporter.reportStep(Reporter.java:36)
	at wapper.GenericWapper.verifyTextByXpath(GenericWapper.java:222)
	at pages.CalculatorPage.getTextInCalculatorPage(CalculatorPage.java:37)
	at testcases.TC005.checkTC005(TC005.java:14)
... Removed 25 stack frames]]>
    </failure>
  </testcase> <!-- checkTC005 -->
  <testcase name="checkTC006" time="0.732" classname="testcases.TC006">
    <failure type="java.lang.RuntimeException" message="FAILED">
      <![CDATA[java.lang.RuntimeException: FAILED
	at utils.Reporter.reportStep(Reporter.java:36)
	at testcases.TC006.checkTC006(TC006.java:36)
... Removed 25 stack frames]]>
    </failure>
  </testcase> <!-- checkTC006 -->
  <testcase name="checkTC007" time="2.235" classname="testcases.TC007">
    <failure type="java.lang.RuntimeException" message="FAILED">
      <![CDATA[java.lang.RuntimeException: FAILED
	at utils.Reporter.reportStep(Reporter.java:36)
	at testcases.TC007.checkTC007(TC007.java:29)
... Removed 25 stack frames]]>
    </failure>
  </testcase> <!-- checkTC007 -->
  <testcase name="checkTC008" time="1.982" classname="testcases.TC008">
    <failure type="java.lang.RuntimeException" message="FAILED">
      <![CDATA[java.lang.RuntimeException: FAILED
	at utils.Reporter.reportStep(Reporter.java:36)
	at testcases.TC008.checkTC008(TC008.java:29)
... Removed 25 stack frames]]>
    </failure>
  </testcase> <!-- checkTC008 -->
  <testcase name="checkTC009" time="2.274" classname="testcases.TC009"/>
  <testcase name="checkTC010" time="2.259" classname="testcases.TC010"/>
</testsuite> <!-- Test -->
